[2025-03-19 15:29:25] DEBUG: Successfully wrote 51 bytes to file test_file_process.txt
[2025-03-19 15:29:25] DEBUG: Successfully read 51 bytes from file test_file_process.txt
[2025-03-19 15:29:25] DEBUG: Successfully deleted file test_file_process.txt
[2025-03-19 15:29:25] DEBUG: Successfully wrote 22 bytes to file test_file_process.txt
[2025-03-19 15:29:25] DEBUG: Successfully appended 22 bytes to file test_file_process.txt
[2025-03-19 15:29:25] DEBUG: Successfully read 44 bytes from file test_file_process.txt
[2025-03-19 15:29:25] DEBUG: Successfully deleted file test_file_process.txt
[2025-03-19 15:29:25] DEBUG: Successfully wrote 43 bytes to file test_file_process.txt
[2025-03-19 15:29:25] DEBUG: Successfully copied file test_file_process.txt to test_file_process_copy.txt
[2025-03-19 15:29:25] DEBUG: Successfully read 43 bytes from file test_file_process_copy.txt
[2025-03-19 15:29:25] DEBUG: Successfully deleted file test_file_process.txt
[2025-03-19 15:29:25] DEBUG: Successfully deleted file test_file_process_copy.txt
[2025-03-19 15:29:25] DEBUG: Directory test_file_process_dir already exists
[2025-03-19 15:29:25] DEBUG: Successfully wrote 27 bytes to file test_file_process_dir/test_file.txt
[2025-03-19 15:29:25] DEBUG: Successfully read 27 bytes from file test_file_process_dir/test_file.txt
[2025-03-19 15:29:25] DEBUG: Successfully deleted file test_file_process_dir/test_file.txt
[2025-03-19 15:29:25] DEBUG: Successfully created temp file /tmp/testfile-ZkWiPo
[2025-03-19 15:29:25] DEBUG: Successfully wrote 22 bytes to file /tmp/testfile-ZkWiPo
[2025-03-19 15:29:25] DEBUG: Successfully read 22 bytes from file /tmp/testfile-ZkWiPo
[2025-03-19 15:29:25] DEBUG: Successfully deleted file /tmp/testfile-ZkWiPo
[2025-03-19 15:29:25] DEBUG: Successfully wrote 130 bytes to file test_file_process.txt
[2025-03-19 15:29:25] DEBUG: Successfully read 20 bytes from file test_file_process.txt at offset 0
[2025-03-19 15:29:25] DEBUG: Successfully read 20 bytes from file test_file_process.txt at offset 30
[2025-03-19 15:29:25] DEBUG: Successfully read 0 bytes from file test_file_process.txt at offset 140
[2025-03-19 15:29:25] DEBUG: Successfully deleted file test_file_process.txt
[2025-03-19 15:29:25] ERROR: Failed to open file file_khong_ton_tai.txt: No such file or directory
[2025-03-19 15:29:25] ERROR: Failed to delete file file_khong_ton_tai.txt: No such file or directory
[2025-03-19 15:29:25] ERROR: Failed to open file for writing thu_muc_khong_ton_tai/file.txt: No such file or directory
[2025-03-19 15:57:45] DEBUG: Successfully deleted file test_log.log
[2025-03-19 15:57:54] DEBUG: Successfully deleted file test_log.log
[2025-03-19 15:58:28] DEBUG: Successfully deleted file test_log.log
